17:48:20| Marble count                = 1000
17:48:20| settings["creator-delay"]   = 0.01
17:48:20| settings["bag-count"]       = 7
17:48:20| settings["bagger-delay"]    = 0.05
17:48:20| settings["assembler-delay"] = 0.05
17:48:20| settings["wrapper-delay"]   = 0.05
17:48:20| Create the processes
17:48:20| Starting the processes
17:48:20| Waiting for processes to finish
17:49:23| Contents of boxes.txt
17:49:23| big marble: Winner, marbles: Silver Chalice, Mint Green, Gold, Ruby, Gold, Lavender Blue, White Smoke,
17:49:23| big marble: Lucky, marbles: Gold, Emerald, Dark Fuchsia, Granny Smith Apple, Outrageous Orange, Thulian Pink, Shandy,
17:49:23| big marble: Winner, marbles: Almond, Middle Red Purple, Lemon Lime, Royal Blue, Silver Pink, Pastel Blue, Middle Green,
17:49:23| big marble: 5-Star, marbles: Sage, Cobalt Blue, Terra Cotta, Russian Green, Antique Brass, Brink Pink, Ivory,
17:49:23| big marble: Zeus, marbles: Rose Quartz, Terra Cotta, Mimi Pink, Orange Soda, Neon Silver, Lilac Luster, Cobalt Blue,
17:49:23| big marble: Apollo, marbles: Lemon Lime, Pastel Gray, Black Coral, Ruby, Icterine, Light Orange, Purple Plum,
17:49:23| big marble: Winner, marbles: Lavender Blue, Lavender Purple, Neon Silver, Granny Smith Apple, Pale Cerulean, Mode Beige, La Salle Green,
17:49:23| big marble: Zeus, marbles: Big Dip O’ruby, Brown, Auburn, Dark Fuchsia, Emerald, La Salle Green, Silver Pink,
17:49:23| big marble: The Boss, marbles: Mimi Pink, Mulberry, Maximum Violet, Royal Orange, Platinum, Mulberry, Dark Moss Green,
17:49:23| big marble: Zeus, marbles: Brown, Candy Pink, Silver Chalice, Pale Goldenrod, Spanish Orange, Orange Soda, Gold,
17:49:23| big marble: Sure Shot, marbles: Mulberry, Lavender Purple, Black Coral, Lemon Lime, Blue Bell, Orange Soda, Mint Green,
17:49:23| big marble: Lucky, marbles: Middle Red Purple, Shandy, Antique Bronze, Pale Taupe, Mode Beige, Emerald, Light Orange,
17:49:23| big marble: Zeus, marbles: Pale Goldenrod, Middle Green, Blue Bell, Dark Moss Green, Blue, Blue Bell, Sage,
17:49:23| big marble: Zeus, marbles: Royal Red, Candy Pink, Neon Pink, Auburn, Icterine, Mint Cream, Tuscan Brown,
17:49:23| big marble: Apollo, marbles: Lumber, Auburn, Orange Peel, Russian Violet, Stop Red, Venetian Red, Duke Blue,
17:49:23| big marble: Apollo, marbles: Cotton Candy, Stop Red, Sage, Royal Red, Royal Red, Indigo, Gold,
17:49:23| big marble: Hercules, marbles: Platinum, Cobalt Blue, Stop Red, Shandy, Lilac Luster, Bistre Brown, Zomp,
17:49:23| big marble: Sure Shot, marbles: Rose Quartz, Mango Tango, Brown, Mulberry, Liver Chestnut, Almond, Candy Pink,
17:49:23| big marble: Lucky, marbles: Slate Blue, Slate Blue, Chinese Red, Candy Pink, Lavender Purple, Antique Brass, Gold,
17:49:23| big marble: The Boss, marbles: Black Coral, Bistre Brown, Spanish Carmine, Icterine, Platinum, Mimi Pink, Pale Plum,
17:49:23| big marble: Hercules, marbles: Pastel Gray, Dark Fuchsia, Antique Brass, Terra Cotta, Blue-Green, Rose Quartz, Royal Orange,
17:49:23| big marble: Spinner, marbles: Mint Green, Spanish Pink, Granny Smith Apple, Antique Brass, Pale Plum, Mimi Pink, Maximum Violet,
17:49:23| big marble: 5-Star, marbles: Beaver, Platinum, Golden Yellow, Chinese Red, Antique Brass, Neon Pink, Neon Dark Green,
17:49:23| big marble: Spinner, marbles: Spanish Pink, Granny Smith Apple, Dark Moss Green, Mint Cream, White Smoke, Duke Blue, Venetian Red,
17:49:23| big marble: Lucky, marbles: Light Orange, Cobalt Blue, Silver Pink, Zomp, Duke Blue, Sheen Green, Ruby,
17:49:23| big marble: The Boss, marbles: Beaver, Neon Dark Green, Lavender Blue, Pale Taupe, Outrageous Orange, Mimi Pink, Lavender Blue,
17:49:23| big marble: Sure Shot, marbles: Russian Green, Vegas Gold, Honeydew, Purple, Chinese Red, Safety Yellow, Spanish Carmine,
17:49:23| big marble: Lucky, marbles: Pale Cerulean, Outrageous Orange, Brink Pink, Russian Violet, Lavender Blue, Venetian Red, Neon Dark Green,
17:49:23| big marble: 5-Star, marbles: Light Orchid, Russian Green, Black Coral, Eerie Black, Indigo, Bistre Brown, Middle Red Purple,
17:49:23| big marble: Sure Shot, marbles: Terra Cotta, Gold, Auburn, Pale Cerulean, Vegas Gold, Spanish Orange, Royal Red,
17:49:23| big marble: Sure Shot, marbles: Royal Orange, Almond, Mode Beige, Liver Chestnut, Arylide Yellow, Neon Dark Green, Mango Tango,
17:49:23| big marble: Sure Shot, marbles: Outrageous Orange, Pale Plum, La Salle Green, Ruby, Maximum Purple, Pale Plum, Green,
17:49:23| big marble: Winner, marbles: Lumber, Orange Soda, White Smoke, Vegas Gold, Antique Bronze, Purple Plum, Pale Plum,
17:49:23| big marble: Hercules, marbles: Light Orchid, Orange Soda, Royal Orange, Russian Violet, Big Dip O’ruby, Neon Pink, Rose Quartz,
17:49:23| big marble: Spinner, marbles: Gold, Antique Bronze, Pastel Gray, Blue-Green, Candy Pink, Antique Brass, Eerie Black,
17:49:23| big marble: Spinner, marbles: Pale Cerulean, Honeydew, Lavender Purple, Dark Fuchsia, Indigo, Zomp, Liver Chestnut,
17:49:23| big marble: 5-Star, marbles: Russian Green, Shandy, Lemon Lime, Bistre Brown, Brink Pink, Duke Blue, Gold,
17:49:23| big marble: Sure Shot, marbles: Russian Green, Silver Pink, Royal Red, Lilac Luster, Emerald, Tuscan Brown, Venetian Red,
17:49:23| big marble: Winner, marbles: Maximum Blue, Orange Peel, Mint Green, Almond, Almond, La Salle Green, Brown,
17:49:23| big marble: The Boss, marbles: Rose Quartz, Pale Taupe, Gold, Honeydew, Lavender Blue, Outrageous Orange, Zomp,
17:49:23| big marble: Sure Shot, marbles: Chinese Red, Lavender Blue, Light Orange, Bistre Brown, Isabelline, Golden Yellow, Neon Dark Green,
17:49:23| big marble: 5-Star, marbles: Mimi Pink, Neon Silver, Middle Red Purple, Granny Smith Apple, Tuscan Brown, Antique Bronze, Black Coral,
17:49:23| big marble: Spinner, marbles: Shandy, Lavender Purple, Light Orange, Sage, Big Dip O’ruby, Bistre Brown, Mango Tango,
17:49:23| big marble: Sure Shot, marbles: Ivory, Purple, Orange Soda, Outrageous Orange, Neon Pink, Lavender Blue, Lemon Lime,
17:49:23| big marble: Apollo, marbles: Cobalt Blue, Emerald, Candy Pink, Mint Cream, Tuscan Brown, Zomp, Terra Cotta,
17:49:23| big marble: Lucky, marbles: Purple Plum, Lumber, Silver Chalice, Cobalt Blue, Middle Green, Lumber, Almond,
17:49:23| big marble: The Boss, marbles: Terra Cotta, Ivory, Orange Soda, Middle Green Yellow, Stop Red, Mimi Pink, Middle Green Yellow,
17:49:23| big marble: Apollo, marbles: Tuscan Brown, Arylide Yellow, Lilac Luster, Antique Bronze, Candy Pink, Russian Green, Ruby,
17:49:23| big marble: Apollo, marbles: Light Orchid, Black Coral, Royal Orange, Golden Yellow, Silver Pink, Mimi Pink, Outrageous Orange,
17:49:23| big marble: Apollo, marbles: Russian Violet, Venetian Red, Maximum Blue, Pastel Blue, Icterine, Silver Chalice, Mint Green,
17:49:23| big marble: Spinner, marbles: Pale Goldenrod, Thulian Pink, Bistre Brown, Spanish Orange, Terra Cotta, Maximum Purple, Vegas Gold,
17:49:23| big marble: Sure Shot, marbles: Emerald, Orange Soda, Neon Silver, Light Orchid, Slate Blue, Blue Bell, Fiery Rose,
17:49:23| big marble: Lucky, marbles: Light Orchid, Silver Pink, Gold, Golden Yellow, Shandy, Mimi Pink, Pastel Gray,
17:49:23| big marble: The Boss, marbles: Platinum, Golden Yellow, Neon Dark Green, Lilac Luster, Beaver, Mulberry, Lavender Purple,
17:49:23| big marble: The Boss, marbles: Blue, Duke Blue, Silver Chalice, Duke Blue, Sheen Green, Purple Plum, Maximum Blue,
17:49:23| big marble: Sure Shot, marbles: Cotton Candy, Green, Mint Green, Spanish Pink, Maximum Violet, Zomp, Blue,
17:49:23| big marble: Lucky, marbles: Lumber, Mint Cream, Chinese Red, Lavender Blue, Lavender Purple, Arylide Yellow, Icterine,
17:49:23| big marble: Hercules, marbles: Rose Dust, Stop Red, Ruby, Isabelline, Neon Silver, Blue, Platinum,
17:49:23| big marble: Zeus, marbles: Brink Pink, Ivory, Zomp, Dark Moss Green, Maximum Blue, Tuscan Brown, Big Dip O’ruby,
17:49:23| big marble: 5-Star, marbles: Russian Violet, Pastel Blue, Lavender Blue, Icterine, Lumber, Gold, Bistre Brown,
17:49:23| big marble: 5-Star, marbles: Silver Chalice, Shandy, Light Orange, Silver Chalice, Pale Taupe, Duke Blue, Granny Smith Apple,
17:49:23| big marble: Zeus, marbles: Royal Blue, Icterine, Cobalt Blue, Blue-Green, Ivory, Maximum Blue, Thulian Pink,
17:49:23| big marble: 5-Star, marbles: Middle Green, Light Orchid, Spanish Orange, Blue, Orange Peel, Antique Bronze, Granny Smith Apple,
17:49:23| big marble: Apollo, marbles: Middle Green, Mode Beige, Antique Brass, Russian Green, Brink Pink, Ivory, Sage,
17:49:23| big marble: Zeus, marbles: Blue-Green, Duke Blue, Sheen Green, Cotton Candy, Icterine, La Salle Green, Fiery Rose,
17:49:23| big marble: Winner, marbles: Royal Orange, Middle Green Yellow, Shandy, Fiery Rose, Cotton Candy, Purple, Lemon Lime,
17:49:23| big marble: Apollo, marbles: Brown, Slate Blue, Neon Silver, Lilac Luster, Mango Tango, Cobalt Blue, Liver Chestnut,
17:49:23| big marble: Apollo, marbles: Dark Moss Green, Middle Green Yellow, Safety Yellow, Tuscan Brown, Russian Green, Platinum, Liver Chestnut,
17:49:23| big marble: Hercules, marbles: Vegas Gold, Lilac Luster, Rose Dust, Tuscan Brown, Stop Red, Indigo, Orange Soda,
17:49:23| big marble: The Boss, marbles: Golden Yellow, Lumber, Bistre Brown, Liver Chestnut, Vegas Gold, Pale Taupe, Dark Moss Green,
17:49:23| big marble: The Boss, marbles: Sage, Gold, Royal Orange, Green, Orange Peel, Orange Soda, Eerie Black,
17:49:23| big marble: Spinner, marbles: Beaver, Silver Chalice, Light Orchid, Neon Pink, Antique Bronze, Arylide Yellow, Ruby,
17:49:23| big marble: Lucky, marbles: Orange Peel, Duke Blue, Brown, Gold, Maximum Blue, Thulian Pink, La Salle Green,
17:49:23| big marble: Spinner, marbles: Indigo, Pale Cerulean, Cotton Candy, Mimi Pink, Lemon Lime, Pastel Gray, Ivory,
17:49:23| big marble: Spinner, marbles: Dark Moss Green, Slate Blue, Mulberry, Cobalt Blue, Brink Pink, Mint Cream, Almond,
17:49:23| big marble: Zeus, marbles: Green, Middle Green, Rose Quartz, Silver Pink, Pale Goldenrod, Pastel Gray, Bistre Brown,
17:49:23| big marble: 5-Star, marbles: Tuscan Brown, Blue Bell, Big Dip O’ruby, Orange Soda, Golden Yellow, La Salle Green, Mulberry,
17:49:23| big marble: Hercules, marbles: Golden Yellow, Pale Goldenrod, Chinese Red, Neon Silver, Light Orchid, Green, Pale Cerulean,
17:49:23| big marble: Zeus, marbles: Lemon Lime, Gold, Almond, Shandy, Ruby, Mango Tango, Honeydew,
17:49:23| big marble: Lucky, marbles: Brown, Silver Pink, Middle Green Yellow, Gold, Green, Thulian Pink, Granny Smith Apple,
17:49:23| big marble: Winner, marbles: Middle Green Yellow, Black Coral, Neon Silver, White Smoke, Stop Red, Silver Chalice, Arylide Yellow,
17:49:23| big marble: 5-Star, marbles: Golden Yellow, Honeydew, Maximum Purple, Almond, Lumber, Middle Red Purple, Granny Smith Apple,
17:49:23| big marble: 5-Star, marbles: Middle Green Yellow, Dark Moss Green, Pastel Gray, Lavender Blue, Beaver, Honeydew, Granny Smith Apple,
17:49:23| big marble: Apollo, marbles: Isabelline, Green, Lemon Lime, Blue Bell, Lumber, Icterine, Russian Green,
17:49:23| big marble: Apollo, marbles: Gold, Fiery Rose, Zomp, Slate Blue, Auburn, Arylide Yellow, Mulberry,
17:49:23| big marble: Lucky, marbles: Thulian Pink, Middle Green Yellow, Icterine, Duke Blue, Big Dip O’ruby, Orange Soda, Emerald,
17:49:23| big marble: Winner, marbles: Pastel Blue, Beaver, Middle Red Purple, Orange Soda, Lumber, Silver Chalice, Sheen Green,
17:49:23| big marble: Spinner, marbles: Orange Peel, Outrageous Orange, Lumber, Platinum, Cobalt Blue, Brown, Maximum Violet,
17:49:23| big marble: Sure Shot, marbles: Neon Pink, Ruby, Middle Red Purple, Maximum Violet, Pale Taupe, Cotton Candy, Green,
17:49:23| big marble: Sure Shot, marbles: Arylide Yellow, Isabelline, Thulian Pink, Mimi Pink, Outrageous Orange, Ivory, Granny Smith Apple,
17:49:23| big marble: Winner, marbles: Lumber, Maximum Purple, Lavender Blue, Pale Cerulean, Tuscan Brown, Sage, Liver Chestnut,
17:49:23| big marble: Zeus, marbles: Royal Red, Pastel Blue, Safety Yellow, La Salle Green, Almond, Mode Beige, Lavender Blue,
17:49:23| big marble: The Boss, marbles: Maximum Violet, Lemon Lime, Golden Yellow, Golden Yellow, Spanish Pink, Pale Taupe, Mimi Pink,
17:49:23| big marble: Winner, marbles: Middle Green, Vegas Gold, Antique Brass, Royal Blue, Light Orange, Maximum Blue, Safety Yellow,
17:49:23| big marble: Hercules, marbles: Emerald, Orange Soda, Rose Dust, Slate Blue, Blue Bell, Light Orchid, Rose Dust,
17:49:23| big marble: Sure Shot, marbles: Pastel Gray, Zomp, Spanish Carmine, Royal Blue, Mint Cream, Chinese Red, Dark Moss Green,
17:49:23| big marble: Winner, marbles: Royal Red, Russian Violet, La Salle Green, Royal Blue, Neon Dark Green, Light Orchid, Brink Pink,
17:49:23| big marble: 5-Star, marbles: Emerald, Neon Silver, Green, Royal Orange, Orange Peel, Blue, Dark Fuchsia,
17:49:23| big marble: Sure Shot, marbles: Black Coral, Eerie Black, Zomp, Lumber, Royal Blue, Liver Chestnut, Purple,
17:49:23| big marble: Lucky, marbles: Shandy, Middle Red Purple, La Salle Green, Liver Chestnut, Almond, Spanish Pink, Rose Quartz,
17:49:23| big marble: Sure Shot, marbles: Honeydew, Thulian Pink, Lemon Lime, Candy Pink, Ruby, Purple Plum, Mint Green,
17:49:23| big marble: Lucky, marbles: Icterine, Eerie Black, Gold, Lumber, Maximum Violet, Golden Yellow, Green,
17:49:23| big marble: Winner, marbles: Gold, Terra Cotta, Arylide Yellow, Maximum Purple, Royal Red, Mulberry, Honeydew,
17:49:23| big marble: Winner, marbles: Beaver, Terra Cotta, Pale Plum, Spanish Pink, Mulberry, Honeydew, Cobalt Blue,
17:49:23| big marble: Sure Shot, marbles: Zomp, Golden Yellow, Bistre Brown, Gold, Vegas Gold, Brown, Rose Dust,
17:49:23| big marble: Sure Shot, marbles: Safety Yellow, Golden Yellow, Antique Bronze, Slate Blue, Light Orange, Icterine, Maximum Purple,
17:49:23| big marble: Lucky, marbles: Rose Dust, Maximum Blue, Cobalt Blue, Shandy, Purple Plum, Lemon Lime, Cobalt Blue,
17:49:23| big marble: The Boss, marbles: Maximum Violet, Mango Tango, Tuscan Brown, Silver Pink, Purple Plum, Maximum Purple, Neon Dark Green,
17:49:23| big marble: Winner, marbles: Lumber, Terra Cotta, Cotton Candy, Vegas Gold, Thulian Pink, Maximum Purple, Mint Green,
17:49:23| big marble: Zeus, marbles: Sheen Green, Royal Orange, Outrageous Orange, Spanish Pink, Neon Silver, Maximum Blue, Pastel Blue,
17:49:23| big marble: Spinner, marbles: Terra Cotta, Indigo, Middle Green, Light Orchid, Royal Red, Tuscan Brown, White Smoke,
17:49:23| big marble: Apollo, marbles: Venetian Red, Fiery Rose, Platinum, Tuscan Brown, Pale Goldenrod, Mango Tango, Pale Goldenrod,
17:49:23| big marble: Winner, marbles: Rose Dust, Middle Green, Eerie Black, Pale Plum, Silver Chalice, Middle Red Purple, Green,
17:49:23| big marble: Hercules, marbles: Silver Pink, Pale Cerulean, Brown, Middle Red Purple, Ivory, Mulberry, Slate Blue,
17:49:23| big marble: Winner, marbles: Ivory, Neon Dark Green, Neon Silver, Purple, Vegas Gold, Royal Red, Spanish Pink,
17:49:23| big marble: 5-Star, marbles: Pale Goldenrod, Lemon Lime, Spanish Carmine, Neon Dark Green, Gold, Mango Tango, Platinum,
17:49:23| big marble: Winner, marbles: Duke Blue, Maximum Blue, Purple, Sage, Silver Chalice, Pale Plum, Blue,
17:49:23| big marble: Zeus, marbles: Brink Pink, Spanish Orange, Icterine, Auburn, Terra Cotta, Granny Smith Apple, Platinum,
17:49:23| big marble: Apollo, marbles: Sage, Middle Green Yellow, Orange Soda, Pastel Gray, Isabelline, Bistre Brown, Sage,
17:49:23| big marble: Spinner, marbles: Russian Green, Tuscan Brown, Ivory, Emerald, Big Dip O’ruby, Dark Fuchsia, Granny Smith Apple,
17:49:23| big marble: Lucky, marbles: Mint Cream, Eerie Black, Auburn, Venetian Red, Maximum Violet, Duke Blue, Auburn,
17:49:23| big marble: Winner, marbles: Neon Silver, Cotton Candy, White Smoke, Zomp, Light Orange, Candy Pink, Blue,
17:49:23| big marble: Sure Shot, marbles: Ruby, Middle Green Yellow, Neon Dark Green, Stop Red, Pale Taupe, Big Dip O’ruby, Lavender Blue,
17:49:23| big marble: Hercules, marbles: Neon Pink, Ivory, Orange Soda, Silver Pink, Russian Violet, Bistre Brown, Lilac Luster,
17:49:23| big marble: Spinner, marbles: Mulberry, Green, Indigo, Neon Pink, Mode Beige, Blue, Lilac Luster,
17:49:23| big marble: Sure Shot, marbles: Brown, Antique Bronze, Russian Green, Orange Peel, Antique Brass, Indigo, Pale Goldenrod,
17:49:23| big marble: Spinner, marbles: Mint Cream, Russian Violet, Pale Goldenrod, Safety Yellow, Candy Pink, Pale Taupe, Lavender Blue,
17:49:23| big marble: Hercules, marbles: Brown, Isabelline, Middle Green, Spanish Orange, Rose Dust, Sage, Blue Bell,
17:49:23| big marble: 5-Star, marbles: Icterine, Shandy, Royal Blue, Pale Plum, Candy Pink, Chinese Red, Silver Chalice,
17:49:23| big marble: Zeus, marbles: Neon Pink, Blue Bell, Vegas Gold, Pastel Blue, Ivory, Orange Peel, Mango Tango,
17:49:23| big marble: Apollo, marbles: Maximum Purple, Mint Cream, Maximum Purple, Tuscan Brown, Spanish Orange, Lavender Blue, Neon Silver,
17:49:23| big marble: Winner, marbles: Spanish Carmine, Orange Soda, Lemon Lime, Spanish Pink, Shandy, Neon Silver, Silver Pink,
17:49:23| big marble: Sure Shot, marbles: Big Dip O’ruby, Sage, Outrageous Orange, Terra Cotta, Tuscan Brown, Middle Green, Brown,
17:49:23| big marble: Sure Shot, marbles: Granny Smith Apple, Slate Blue, Rose Dust, Sage, Lavender Blue, Sage, Indigo,
17:49:23| big marble: Apollo, marbles: Pale Goldenrod, Emerald, Spanish Carmine, Maximum Blue, Middle Green, Pale Goldenrod, Thulian Pink,
17:49:23| big marble: Sure Shot, marbles: Mimi Pink, Maximum Violet, Granny Smith Apple, Middle Red Purple, Pastel Blue, Neon Pink, Pastel Gray,
17:49:23| big marble: The Boss, marbles: Brown, Mode Beige, Blue-Green, Maximum Purple, Tuscan Brown, Middle Green Yellow, Mint Cream,
17:49:23| big marble: Hercules, marbles: Venetian Red, Sage, Beaver, Pale Plum, Rose Quartz, Mint Green, Lumber,
17:49:23| big marble: 5-Star, marbles: Purple, Spanish Pink, Pale Plum, Purple, Ruby, Cobalt Blue, Eerie Black,
17:49:23| big marble: 5-Star, marbles: Maximum Blue, Orange Soda, Middle Green, Pale Cerulean, Shandy, Lavender Purple, Candy Pink,
17:49:23| big marble: The Boss, marbles: Indigo, Mode Beige, Brown, Middle Red Purple, Maximum Blue, Outrageous Orange, Neon Pink,
17:49:23| big marble: Lucky, marbles: Lavender Blue, Cotton Candy, Cotton Candy, Silver Chalice, Safety Yellow, Golden Yellow, Blue Bell,
