17:50:18| Marble count                = 1000
17:50:18| settings["creator-delay"]   = 0.01
17:50:18| settings["bag-count"]       = 7
17:50:18| settings["bagger-delay"]    = 0.05
17:50:18| settings["assembler-delay"] = 0.05
17:50:18| settings["wrapper-delay"]   = 0.05
17:50:19| Create the processes
17:50:19| Starting the processes
17:50:19| Waiting for processes to finish
17:51:22| Contents of boxes.txt
17:51:22| big marble: Apollo, marbles: Ivory, Pale Plum, Royal Red, Middle Green, Middle Green, Liver Chestnut, Middle Green,
17:51:22| big marble: Spinner, marbles: Vegas Gold, Gold, Honeydew, Outrageous Orange, Thulian Pink, Middle Red Purple, Neon Silver,
17:51:22| big marble: Sure Shot, marbles: Blue Bell, Mimi Pink, Maximum Purple, Gold, Mint Cream, Maximum Violet, Maximum Purple,
17:51:22| big marble: Apollo, marbles: Terra Cotta, Isabelline, Almond, Platinum, Candy Pink, Gold, Platinum,
17:51:22| big marble: Hercules, marbles: Rose Quartz, Purple, Neon Silver, Stop Red, Shandy, Mode Beige, Silver Chalice,
17:51:22| big marble: 5-Star, marbles: Stop Red, Zomp, Maximum Purple, Almond, Maximum Purple, Honeydew, Silver Chalice,
17:51:22| big marble: Spinner, marbles: Slate Blue, Tuscan Brown, Rose Quartz, Emerald, Maximum Purple, Chinese Red, Black Coral,
17:51:22| big marble: Lucky, marbles: Antique Brass, Stop Red, Gold, Terra Cotta, Lumber, Brown, Purple Plum,
17:51:22| big marble: Hercules, marbles: Middle Red Purple, Mint Cream, Maximum Violet, Shandy, Isabelline, Mimi Pink, Slate Blue,
17:51:22| big marble: Apollo, marbles: Honeydew, Sage, Mulberry, Outrageous Orange, Lumber, Indigo, Ruby,
17:51:22| big marble: Winner, marbles: Auburn, Antique Brass, Isabelline, Mint Cream, Orange Peel, Mint Cream, Sheen Green,
17:51:22| big marble: Apollo, marbles: Spanish Orange, Rose Quartz, Cobalt Blue, Slate Blue, Maximum Violet, Antique Brass, Ruby,
17:51:22| big marble: Spinner, marbles: Lavender Blue, Stop Red, Antique Bronze, Spanish Carmine, Pale Cerulean, Blue-Green, Icterine,
17:51:22| big marble: Spinner, marbles: Thulian Pink, Thulian Pink, Isabelline, Arylide Yellow, Sage, Silver Pink, Isabelline,
17:51:22| big marble: The Boss, marbles: Gold, Brown, La Salle Green, Auburn, Outrageous Orange, Neon Dark Green, Granny Smith Apple,
17:51:22| big marble: Spinner, marbles: Maximum Violet, Icterine, Middle Green Yellow, Silver Chalice, Fiery Rose, Isabelline, Vegas Gold,
17:51:22| big marble: The Boss, marbles: Isabelline, Fiery Rose, Chinese Red, La Salle Green, Bistre Brown, Blue Bell, Tuscan Brown,
17:51:22| big marble: 5-Star, marbles: Duke Blue, Ruby, Purple Plum, Shandy, Slate Blue, Orange Soda, Terra Cotta,
17:51:22| big marble: Lucky, marbles: Green, Orange Soda, Rose Quartz, Silver Chalice, Silver Pink, Mango Tango, Pale Goldenrod,
17:51:22| big marble: Sure Shot, marbles: Purple, Pale Plum, La Salle Green, Vegas Gold, La Salle Green, Light Orchid, Pastel Gray,
17:51:22| big marble: 5-Star, marbles: Rose Dust, Chinese Red, Neon Dark Green, Safety Yellow, Gold, Rose Dust, Zomp,
17:51:22| big marble: Hercules, marbles: Pale Cerulean, Ivory, Shandy, Icterine, Lavender Blue, Shandy, Sage,
17:51:22| big marble: Lucky, marbles: Gold, Light Orange, Zomp, Maximum Purple, Rose Dust, Pastel Blue, Platinum,
17:51:22| big marble: The Boss, marbles: Middle Green Yellow, Fiery Rose, Safety Yellow, Neon Dark Green, Duke Blue, Cotton Candy, Beaver,
17:51:22| big marble: Apollo, marbles: Lavender Purple, Pale Cerulean, Orange Soda, Granny Smith Apple, Lavender Purple, Dark Fuchsia, Silver Chalice,
17:51:22| big marble: The Boss, marbles: Middle Green, Tuscan Brown, Middle Red Purple, Purple Plum, Orange Peel, Lumber, Beaver,
17:51:22| big marble: Sure Shot, marbles: Royal Blue, Gold, Orange Peel, Gold, Cotton Candy, Chinese Red, Ruby,
17:51:22| big marble: Spinner, marbles: Tuscan Brown, Neon Dark Green, Vegas Gold, Neon Pink, Green, Spanish Pink, Ruby,
17:51:22| big marble: Lucky, marbles: Honeydew, Pale Taupe, Rose Quartz, Golden Yellow, Spanish Orange, Almond, Pale Taupe,
17:51:22| big marble: Lucky, marbles: Light Orchid, Spanish Orange, Mint Cream, Fiery Rose, Silver Chalice, Lavender Blue, Rose Quartz,
17:51:22| big marble: Spinner, marbles: Blue, Pastel Gray, Liver Chestnut, Black Coral, Safety Yellow, Terra Cotta, Royal Blue,
17:51:22| big marble: 5-Star, marbles: Fiery Rose, Pale Cerulean, Gold, Maximum Purple, Ruby, Candy Pink, Orange Soda,
17:51:22| big marble: Winner, marbles: Dark Fuchsia, Liver Chestnut, Gold, Silver Chalice, Venetian Red, Sage, Pale Cerulean,
17:51:22| big marble: Winner, marbles: Indigo, Gold, Lilac Luster, Lavender Blue, Bistre Brown, Middle Green Yellow, Ivory,
17:51:22| big marble: Spinner, marbles: Spanish Carmine, Purple Plum, Russian Violet, Zomp, Pale Cerulean, Pale Plum, Lumber,
17:51:22| big marble: Apollo, marbles: Dark Moss Green, Orange Peel, Liver Chestnut, Russian Green, Blue Bell, Green, Blue-Green,
17:51:22| big marble: Zeus, marbles: Green, Maximum Blue, Purple Plum, Green, Dark Fuchsia, Mimi Pink, Silver Pink,
17:51:22| big marble: Lucky, marbles: Isabelline, Shandy, Mint Green, Gold, Antique Brass, Mint Green, Purple,
17:51:22| big marble: Spinner, marbles: Pastel Blue, Spanish Carmine, Ivory, Rose Quartz, Sage, Vegas Gold, Honeydew,
17:51:22| big marble: Apollo, marbles: Cotton Candy, Shandy, Neon Pink, Pale Cerulean, Brink Pink, Dark Moss Green, Almond,
17:51:22| big marble: Apollo, marbles: Auburn, Beaver, Mode Beige, Mulberry, Spanish Orange, Terra Cotta, Lavender Purple,
17:51:22| big marble: Apollo, marbles: Platinum, Orange Soda, Eerie Black, Ruby, Candy Pink, Liver Chestnut, Safety Yellow,
17:51:22| big marble: 5-Star, marbles: Eerie Black, Lilac Luster, Lavender Blue, Rose Dust, Zomp, La Salle Green, Antique Brass,
17:51:22| big marble: Lucky, marbles: Orange Peel, Gold, Mint Cream, Shandy, Gold, Sage, Candy Pink,
17:51:22| big marble: The Boss, marbles: Mode Beige, Dark Moss Green, Lavender Purple, Blue-Green, Mint Cream, Orange Peel, Slate Blue,
17:51:22| big marble: Apollo, marbles: Ruby, Antique Brass, Dark Fuchsia, Russian Green, Mimi Pink, Middle Green Yellow, Royal Red,
17:51:22| big marble: Lucky, marbles: Bistre Brown, Silver Pink, Antique Brass, Thulian Pink, Terra Cotta, Slate Blue, Ivory,
17:51:22| big marble: Zeus, marbles: Pastel Gray, Maximum Purple, Thulian Pink, Middle Green, Middle Red Purple, Maximum Violet, Rose Quartz,
17:51:22| big marble: The Boss, marbles: Middle Red Purple, Blue, Maximum Blue, Middle Green, Stop Red, Fiery Rose, Liver Chestnut,
17:51:22| big marble: Spinner, marbles: Terra Cotta, Icterine, La Salle Green, Rose Dust, Platinum, Neon Silver, Sheen Green,
17:51:22| big marble: Zeus, marbles: Ivory, Slate Blue, Liver Chestnut, Middle Green Yellow, Maximum Violet, Silver Pink, Purple Plum,
17:51:22| big marble: Zeus, marbles: Orange Soda, Purple Plum, Cobalt Blue, Pale Cerulean, Light Orange, Green, Ruby,
17:51:22| big marble: Spinner, marbles: Indigo, Pastel Blue, Neon Pink, Antique Bronze, Pale Cerulean, Lavender Purple, Candy Pink,
17:51:22| big marble: Zeus, marbles: Emerald, Brown, Spanish Pink, Dark Moss Green, Tuscan Brown, Spanish Pink, Antique Brass,
17:51:22| big marble: Apollo, marbles: Duke Blue, Spanish Pink, Dark Moss Green, Brink Pink, Neon Pink, Eerie Black, Emerald,
17:51:22| big marble: Sure Shot, marbles: Royal Orange, Golden Yellow, Almond, Granny Smith Apple, Royal Blue, Mode Beige, Vegas Gold,
17:51:22| big marble: Hercules, marbles: Terra Cotta, Venetian Red, Rose Quartz, Auburn, Granny Smith Apple, Almond, Russian Green,
17:51:22| big marble: The Boss, marbles: Bistre Brown, Neon Pink, Royal Red, La Salle Green, Pastel Blue, Orange Soda, Zomp,
17:51:22| big marble: Sure Shot, marbles: Silver Chalice, Maximum Purple, Russian Green, Duke Blue, Stop Red, Bistre Brown, Light Orange,
17:51:22| big marble: Lucky, marbles: Dark Fuchsia, Neon Silver, Pale Taupe, Liver Chestnut, Royal Orange, Eerie Black, Middle Green,
17:51:22| big marble: Hercules, marbles: Neon Pink, Almond, Neon Silver, White Smoke, Pale Plum, Light Orange, Maximum Purple,
17:51:22| big marble: Apollo, marbles: Granny Smith Apple, Sage, Pale Taupe, Royal Blue, Middle Red Purple, Lemon Lime, Duke Blue,
17:51:22| big marble: Apollo, marbles: Arylide Yellow, Green, Lavender Blue, Orange Soda, Mint Cream, Pale Taupe, Pale Cerulean,
17:51:22| big marble: Lucky, marbles: Blue-Green, Gold, Neon Silver, Mint Green, Almond, Ivory, Middle Green Yellow,
17:51:22| big marble: The Boss, marbles: Mango Tango, Arylide Yellow, Orange Soda, Neon Pink, Brown, Dark Fuchsia, Middle Green Yellow,
17:51:22| big marble: Winner, marbles: Purple, Orange Soda, Light Orange, Zomp, Brown, Arylide Yellow, Candy Pink,
17:51:22| big marble: The Boss, marbles: Dark Fuchsia, Antique Brass, Terra Cotta, Tuscan Brown, Sheen Green, Brown, Tuscan Brown,
17:51:22| big marble: 5-Star, marbles: Orange Peel, Shandy, Spanish Orange, Ivory, Venetian Red, Neon Pink, Brown,
17:51:22| big marble: Lucky, marbles: Royal Red, Mint Cream, Candy Pink, Spanish Carmine, Big Dip O’ruby, Pale Cerulean, Safety Yellow,
17:51:22| big marble: Sure Shot, marbles: Bistre Brown, Neon Pink, Slate Blue, Lemon Lime, Mode Beige, Brown, Spanish Pink,
17:51:22| big marble: 5-Star, marbles: Gold, Mint Cream, Fiery Rose, Pastel Gray, Dark Fuchsia, Vegas Gold, Pale Taupe,
17:51:22| big marble: Sure Shot, marbles: Pale Plum, Tuscan Brown, Maximum Violet, Pale Cerulean, Rose Dust, Candy Pink, Cobalt Blue,
17:51:22| big marble: 5-Star, marbles: Silver Pink, Royal Orange, Maximum Blue, Sheen Green, Russian Green, Spanish Pink, Light Orchid,
17:51:22| big marble: Zeus, marbles: La Salle Green, Stop Red, Zomp, Slate Blue, Vegas Gold, Lemon Lime, Outrageous Orange,
17:51:22| big marble: Zeus, marbles: White Smoke, Honeydew, Neon Pink, Maximum Blue, Lumber, Blue-Green, Beaver,
17:51:22| big marble: Apollo, marbles: Maximum Blue, Brink Pink, Icterine, Blue Bell, Light Orchid, Maximum Violet, Silver Chalice,
17:51:22| big marble: The Boss, marbles: Rose Dust, Maximum Violet, Maximum Purple, Gold, Cobalt Blue, Spanish Orange, Pastel Blue,
17:51:22| big marble: Lucky, marbles: Mint Green, Royal Red, Orange Soda, Pale Taupe, Venetian Red, Rose Quartz, Spanish Orange,
17:51:22| big marble: Zeus, marbles: Rose Dust, Mimi Pink, Gold, Big Dip O’ruby, Neon Dark Green, Spanish Pink, Fiery Rose,
17:51:22| big marble: Winner, marbles: Middle Green, Isabelline, Rose Dust, Emerald, Blue-Green, Emerald, Mint Green,
17:51:22| big marble: Spinner, marbles: Maximum Purple, Candy Pink, Orange Soda, Spanish Orange, Safety Yellow, Stop Red, Rose Quartz,
17:51:22| big marble: Hercules, marbles: Eerie Black, Orange Soda, Purple, Royal Orange, Pastel Gray, Pastel Blue, Emerald,
17:51:22| big marble: Apollo, marbles: Fiery Rose, Royal Orange, Eerie Black, Isabelline, Terra Cotta, Rose Quartz, Lilac Luster,
17:51:22| big marble: Lucky, marbles: Antique Bronze, Royal Red, Brown, Zomp, Middle Red Purple, Tuscan Brown, Mode Beige,
17:51:22| big marble: Zeus, marbles: Emerald, Stop Red, Maximum Purple, Purple Plum, Neon Dark Green, White Smoke, Stop Red,
17:51:22| big marble: Sure Shot, marbles: Lavender Purple, Auburn, Fiery Rose, Russian Violet, Spanish Pink, Big Dip O’ruby, Terra Cotta,
17:51:22| big marble: Lucky, marbles: Emerald, Pale Goldenrod, Almond, Bistre Brown, Blue-Green, Zomp, Slate Blue,
17:51:22| big marble: Sure Shot, marbles: Shandy, Zomp, Almond, Black Coral, Mode Beige, Purple, Cobalt Blue,
17:51:22| big marble: Lucky, marbles: Mint Cream, Shandy, Almond, Light Orchid, Lumber, White Smoke, Fiery Rose,
17:51:22| big marble: Apollo, marbles: Chinese Red, Platinum, Cobalt Blue, Lilac Luster, Shandy, Brink Pink, Neon Pink,
17:51:22| big marble: Spinner, marbles: Silver Pink, Royal Blue, Orange Peel, Orange Peel, Spanish Pink, Golden Yellow, Mango Tango,
17:51:22| big marble: Lucky, marbles: Sage, Isabelline, Mode Beige, Granny Smith Apple, Antique Bronze, Middle Green, Zomp,
17:51:22| big marble: Hercules, marbles: Neon Dark Green, Big Dip O’ruby, Mint Green, Neon Dark Green, Neon Dark Green, Pale Goldenrod, Royal Orange,
17:51:22| big marble: 5-Star, marbles: Green, Auburn, Granny Smith Apple, Light Orchid, Bistre Brown, Ivory, Brown,
17:51:22| big marble: Lucky, marbles: Orange Soda, Beaver, Platinum, Thulian Pink, Chinese Red, Big Dip O’ruby, Vegas Gold,
17:51:22| big marble: Spinner, marbles: Sage, Orange Peel, Fiery Rose, Venetian Red, Maximum Purple, Silver Pink, Maximum Violet,
17:51:22| big marble: Apollo, marbles: Indigo, Lemon Lime, Golden Yellow, Isabelline, Ruby, Light Orange, Lilac Luster,
17:51:22| big marble: Lucky, marbles: Auburn, Golden Yellow, Green, Pale Plum, Auburn, Slate Blue, Dark Moss Green,
17:51:22| big marble: Lucky, marbles: Ivory, Emerald, Spanish Carmine, Auburn, Mint Cream, Brink Pink, Almond,
17:51:22| big marble: Winner, marbles: Honeydew, Granny Smith Apple, Neon Silver, Orange Soda, Royal Orange, Black Coral, Ruby,
17:51:22| big marble: Lucky, marbles: Maximum Violet, Arylide Yellow, Russian Green, Fiery Rose, White Smoke, Purple Plum, Pale Goldenrod,
17:51:22| big marble: Zeus, marbles: Big Dip O’ruby, Mint Cream, Mimi Pink, Brown, Pale Cerulean, Venetian Red, Dark Moss Green,
17:51:22| big marble: Spinner, marbles: Mulberry, Middle Red Purple, Ruby, Pastel Gray, Green, Blue-Green, La Salle Green,
17:51:22| big marble: Winner, marbles: Brown, Mulberry, Middle Green Yellow, Ruby, Pastel Gray, Maximum Purple, Honeydew,
17:51:22| big marble: Sure Shot, marbles: Maximum Purple, Maximum Purple, Cobalt Blue, Ruby, Pale Goldenrod, Neon Silver, Purple Plum,
17:51:22| big marble: 5-Star, marbles: Gold, Maximum Blue, Granny Smith Apple, Terra Cotta, Antique Brass, Antique Bronze, Royal Orange,
17:51:22| big marble: Zeus, marbles: Ruby, Antique Bronze, Arylide Yellow, Spanish Pink, Slate Blue, Middle Red Purple, La Salle Green,
17:51:22| big marble: 5-Star, marbles: Spanish Carmine, Pale Goldenrod, Royal Red, Gold, Liver Chestnut, Silver Pink, Lilac Luster,
17:51:22| big marble: Sure Shot, marbles: Safety Yellow, Pale Taupe, Blue Bell, Neon Silver, Outrageous Orange, Antique Brass, Pale Goldenrod,
17:51:22| big marble: Spinner, marbles: Stop Red, Silver Pink, Mulberry, Spanish Pink, Light Orange, Almond, Russian Green,
17:51:22| big marble: Zeus, marbles: Rose Dust, Zomp, Venetian Red, Big Dip O’ruby, Sheen Green, Mulberry, Isabelline,
17:51:22| big marble: Sure Shot, marbles: Green, Pastel Blue, La Salle Green, Maximum Blue, Chinese Red, Vegas Gold, Mint Cream,
17:51:22| big marble: Apollo, marbles: Shandy, Royal Blue, Pale Taupe, Royal Orange, Maximum Blue, Brown, Neon Silver,
17:51:22| big marble: 5-Star, marbles: Granny Smith Apple, Orange Soda, Ruby, Mint Cream, Spanish Carmine, Maximum Violet, Mimi Pink,
17:51:22| big marble: The Boss, marbles: Brink Pink, Pale Goldenrod, Lavender Purple, Rose Dust, Mint Green, Purple, Arylide Yellow,
17:51:22| big marble: Hercules, marbles: Antique Brass, Blue, Lavender Blue, Royal Red, Bistre Brown, Pastel Gray, Light Orchid,
17:51:22| big marble: The Boss, marbles: Neon Pink, Pale Taupe, Shandy, Cobalt Blue, Terra Cotta, Mango Tango, Arylide Yellow,
17:51:22| big marble: Hercules, marbles: Zomp, Neon Dark Green, Neon Silver, Fiery Rose, Pastel Gray, Dark Fuchsia, Neon Dark Green,
17:51:22| big marble: Zeus, marbles: Sage, Terra Cotta, Tuscan Brown, Pastel Gray, Orange Soda, Purple, Gold,
17:51:22| big marble: The Boss, marbles: Duke Blue, Brown, Bistre Brown, Middle Red Purple, Terra Cotta, Silver Pink, Royal Orange,
17:51:22| big marble: Spinner, marbles: Antique Brass, Lavender Blue, Stop Red, Tuscan Brown, Neon Pink, Royal Blue, Lavender Purple,
17:51:22| big marble: 5-Star, marbles: Maximum Purple, Almond, Mint Cream, Mulberry, Pale Cerulean, Neon Dark Green, Silver Chalice,
17:51:22| big marble: 5-Star, marbles: Shandy, Fiery Rose, Middle Green Yellow, Granny Smith Apple, Terra Cotta, La Salle Green, Orange Peel,
17:51:22| big marble: Sure Shot, marbles: Orange Soda, Pale Cerulean, Granny Smith Apple, Spanish Carmine, Spanish Orange, Brown, Dark Fuchsia,
17:51:22| big marble: Winner, marbles: Beaver, Mint Green, Light Orange, Orange Peel, Terra Cotta, Tuscan Brown, Neon Dark Green,
17:51:22| big marble: 5-Star, marbles: Ruby, Liver Chestnut, Russian Violet, Big Dip O’ruby, Rose Quartz, Vegas Gold, Blue,
17:51:22| big marble: Spinner, marbles: Slate Blue, Light Orange, Middle Green Yellow, Big Dip O’ruby, Purple Plum, Brown, Light Orchid,
17:51:22| big marble: Apollo, marbles: Honeydew, Russian Green, Bistre Brown, Mint Cream, Black Coral, Orange Peel, Orange Peel,
17:51:22| big marble: Sure Shot, marbles: Thulian Pink, Brown, Chinese Red, Icterine, Maximum Violet, Platinum, Pale Plum,
17:51:22| big marble: Sure Shot, marbles: Terra Cotta, Neon Pink, Beaver, Indigo, Chinese Red, Silver Pink, Outrageous Orange,
17:51:22| big marble: Spinner, marbles: Dark Fuchsia, Orange Soda, Maximum Blue, Brink Pink, Black Coral, Light Orchid, Gold,
17:51:22| big marble: Winner, marbles: Terra Cotta, Liver Chestnut, Purple, Light Orange, Beaver, Gold, Duke Blue,
17:51:22| big marble: Spinner, marbles: Middle Red Purple, Pastel Gray, Emerald, Mango Tango, Blue Bell, Sage, Almond,
17:51:22| big marble: 5-Star, marbles: Big Dip O’ruby, Mode Beige, Granny Smith Apple, Royal Red, Spanish Pink, Rose Dust, Candy Pink,
17:51:22| big marble: Zeus, marbles: Venetian Red, Chinese Red, Spanish Carmine, Pastel Blue, Almond, Orange Peel, Cotton Candy,
17:51:22| big marble: 5-Star, marbles: Chinese Red, Cobalt Blue, Ruby, Light Orange, Purple Plum, Mint Green, Lemon Lime,
17:51:22| big marble: Lucky, marbles: Sage, Platinum, Cotton Candy, Rose Dust, Shandy, Sheen Green, Bistre Brown,
17:51:22| big marble: Winner, marbles: Candy Pink, Almond, Lumber, Duke Blue, White Smoke, Pale Goldenrod, Shandy,
17:51:22| big marble: 5-Star, marbles: Almond, Lumber, Orange Peel, Indigo, Pale Plum, Neon Pink, Pale Goldenrod,
17:51:22| big marble: Apollo, marbles: Blue, Neon Silver, Rose Dust, Bistre Brown, Ivory, Indigo, Mode Beige,
17:51:22| big marble: Winner, marbles: Spanish Carmine, Green, Lumber, Auburn, Vegas Gold, La Salle Green, Tuscan Brown,
17:51:22| big marble: 5-Star, marbles: Candy Pink, Zomp, Slate Blue, Antique Bronze, Maximum Purple, Vegas Gold, Middle Green Yellow,
17:51:22| There were 142 gifts assembled
