17:39:03| Marble count                = 1000
17:39:03| settings["creator-delay"]   = 0.01
17:39:03| settings["bag-count"]       = 7
17:39:03| settings["bagger-delay"]    = 0.05
17:39:03| settings["assembler-delay"] = 0.05
17:39:03| settings["wrapper-delay"]   = 0.05
17:39:03| Create the processes
17:39:03| Starting the processes
17:39:03| Waiting for processes to finish
17:40:06| Contents of boxes.txt
17:40:06| big marble: 5-Star, marbles: Purple, Royal Blue, Pale Cerulean, Icterine, Mode Beige, Maximum Blue, White Smoke,
17:40:06| big marble: Hercules, marbles: Gold, Fiery Rose, La Salle Green, Russian Green, Lavender Blue, Bistre Brown, Bistre Brown,
17:40:06| big marble: Sure Shot, marbles: Blue, Outrageous Orange, Candy Pink, Ivory, Icterine, Sheen Green, Candy Pink,
17:40:06| big marble: Hercules, marbles: Neon Pink, Maximum Violet, La Salle Green, Chinese Red, Chinese Red, Liver Chestnut, Lilac Luster,
17:40:06| big marble: Apollo, marbles: Cobalt Blue, Dark Moss Green, Russian Green, La Salle Green, Almond, Middle Green Yellow, Duke Blue,
17:40:06| big marble: Apollo, marbles: Rose Dust, Beaver, Tuscan Brown, Rose Quartz, Duke Blue, Auburn, Antique Brass,
17:40:06| big marble: Apollo, marbles: Ivory, Icterine, Lavender Purple, Light Orange, Big Dip O’ruby, Vegas Gold, Shandy,
17:40:06| big marble: Sure Shot, marbles: Lumber, Mint Cream, Neon Pink, Platinum, Purple Plum, Orange Soda, Green,
17:40:06| big marble: Apollo, marbles: Spanish Pink, Maximum Blue, Granny Smith Apple, Purple Plum, Lavender Purple, Blue Bell, Tuscan Brown,
17:40:06| big marble: Lucky, marbles: Indigo, Cobalt Blue, Light Orange, Shandy, Antique Bronze, Russian Green, Royal Red,
17:40:06| big marble: Winner, marbles: Middle Green Yellow, Ivory, Orange Peel, Shandy, Lavender Purple, Fiery Rose, Sheen Green,
17:40:06| big marble: Spinner, marbles: Purple Plum, Eerie Black, Pale Cerulean, Auburn, Orange Soda, Maximum Purple, Sage,
17:40:06| big marble: The Boss, marbles: Spanish Orange, Orange Soda, Thulian Pink, Antique Brass, Venetian Red, Icterine, Indigo,
17:40:06| big marble: Zeus, marbles: Gold, Golden Yellow, Mint Green, Middle Green, Royal Orange, Ivory, Blue Bell,
17:40:06| big marble: Hercules, marbles: Gold, Royal Red, Spanish Orange, Gold, Middle Green Yellow, Eerie Black, Antique Brass,
17:40:06| big marble: Spinner, marbles: Sage, Dark Fuchsia, Tuscan Brown, Mint Cream, Pastel Gray, Candy Pink, Vegas Gold,
17:40:06| big marble: Hercules, marbles: Liver Chestnut, Spanish Orange, Rose Dust, Pale Taupe, Ivory, Venetian Red, Rose Dust,
17:40:06| big marble: Hercules, marbles: Dark Moss Green, La Salle Green, Honeydew, Pastel Gray, Duke Blue, Blue-Green, Stop Red,
17:40:06| big marble: Lucky, marbles: Lavender Purple, Silver Chalice, Candy Pink, Black Coral, Terra Cotta, Russian Violet, Lavender Blue,
17:40:06| big marble: Lucky, marbles: Terra Cotta, Lumber, Eerie Black, Cobalt Blue, Almond, Pale Cerulean, Candy Pink,
17:40:06| big marble: Lucky, marbles: Middle Green, Tuscan Brown, Spanish Carmine, Royal Blue, Pale Goldenrod, Mango Tango, Bistre Brown,
17:40:06| big marble: Apollo, marbles: Mint Green, La Salle Green, Liver Chestnut, Orange Peel, Spanish Carmine, Brink Pink, Pale Taupe,
17:40:06| big marble: Zeus, marbles: Dark Moss Green, Cotton Candy, Neon Dark Green, Mango Tango, Platinum, Blue Bell, Honeydew,
17:40:06| big marble: Zeus, marbles: Royal Orange, Lavender Purple, Icterine, Orange Soda, Antique Bronze, Shandy, Blue,
17:40:06| big marble: Hercules, marbles: Spanish Orange, Spanish Orange, Maximum Purple, Spanish Orange, Icterine, Outrageous Orange, Candy Pink,
17:40:06| big marble: Sure Shot, marbles: Almond, Granny Smith Apple, Auburn, Dark Moss Green, Granny Smith Apple, Orange Soda, Liver Chestnut,
17:40:06| big marble: Hercules, marbles: Spanish Orange, Neon Silver, Candy Pink, Pale Plum, Lemon Lime, Duke Blue, Neon Pink,
17:40:06| big marble: Hercules, marbles: Stop Red, Pale Cerulean, Eerie Black, Orange Soda, Bistre Brown, Lavender Purple, Slate Blue,
17:40:06| big marble: Sure Shot, marbles: Mode Beige, Rose Dust, Lavender Purple, Pale Taupe, Bistre Brown, Cobalt Blue, Sage,
17:40:06| big marble: Hercules, marbles: Lumber, Pale Plum, Mulberry, Golden Yellow, Spanish Carmine, Terra Cotta, Icterine,
17:40:06| big marble: Spinner, marbles: Antique Bronze, Silver Chalice, Orange Peel, Indigo, Golden Yellow, Chinese Red, Thulian Pink,
17:40:06| big marble: Zeus, marbles: Neon Pink, Spanish Pink, Blue-Green, Platinum, Cotton Candy, Honeydew, Neon Dark Green,
17:40:06| big marble: The Boss, marbles: Indigo, Pastel Blue, Fiery Rose, Royal Blue, Lumber, Russian Violet, Pale Taupe,
17:40:06| big marble: Apollo, marbles: Gold, Pale Goldenrod, Royal Blue, Lavender Blue, Gold, Black Coral, Spanish Carmine,
17:40:06| big marble: Lucky, marbles: Maximum Blue, Gold, Royal Blue, Spanish Orange, Almond, Brown, Light Orchid,
17:40:06| big marble: Zeus, marbles: Lilac Luster, Liver Chestnut, Emerald, Platinum, Orange Soda, Royal Orange, Rose Quartz,
17:40:06| big marble: Sure Shot, marbles: Emerald, Terra Cotta, Pale Cerulean, Vegas Gold, Venetian Red, White Smoke, Cotton Candy,
17:40:06| big marble: Hercules, marbles: Icterine, Russian Violet, Pale Taupe, Arylide Yellow, Isabelline, Spanish Orange, Eerie Black,
17:40:06| big marble: Winner, marbles: Gold, Orange Peel, Mint Cream, Pale Goldenrod, Maximum Purple, Antique Brass, Antique Brass,
17:40:06| big marble: Winner, marbles: Neon Pink, Pastel Gray, Royal Red, Sage, Orange Soda, Big Dip O’ruby, Ruby,
17:40:06| big marble: Apollo, marbles: Brink Pink, Platinum, Blue Bell, Blue-Green, Mulberry, Lavender Blue, Mint Cream,
17:40:06| big marble: Lucky, marbles: Maximum Purple, Zomp, Pale Cerulean, Pale Taupe, Middle Red Purple, Maximum Blue, Mulberry,
17:40:06| big marble: The Boss, marbles: Lavender Blue, Middle Green Yellow, Maximum Violet, Brown, Beaver, Big Dip O’ruby, Lilac Luster,
17:40:06| big marble: The Boss, marbles: Mulberry, Isabelline, Pastel Blue, Dark Fuchsia, Mango Tango, Silver Pink, Terra Cotta,
17:40:06| big marble: Zeus, marbles: Neon Silver, Middle Green Yellow, Tuscan Brown, Spanish Pink, Pale Cerulean, Rose Quartz, Emerald,
17:40:06| big marble: Lucky, marbles: Stop Red, Golden Yellow, Pale Cerulean, Silver Chalice, Outrageous Orange, Ivory, Pale Plum,
17:40:06| big marble: Winner, marbles: Silver Chalice, Ivory, Purple, Eerie Black, Cobalt Blue, Pastel Gray, Middle Green Yellow,
17:40:06| big marble: Sure Shot, marbles: Orange Soda, Granny Smith Apple, Royal Blue, Thulian Pink, Beaver, Rose Dust, Royal Red,
17:40:06| big marble: Apollo, marbles: Isabelline, Maximum Violet, Maximum Violet, Pastel Gray, Russian Green, Lilac Luster, Orange Soda,
17:40:06| big marble: Lucky, marbles: Duke Blue, Rose Dust, Lumber, Mango Tango, Orange Soda, Dark Fuchsia, Brown,
17:40:06| big marble: 5-Star, marbles: Big Dip O’ruby, Maximum Blue, Pale Cerulean, Isabelline, Orange Soda, Orange Peel, Rose Dust,
17:40:06| big marble: Sure Shot, marbles: Rose Dust, Cotton Candy, Royal Orange, Orange Soda, La Salle Green, Lavender Blue, Blue-Green,
17:40:06| big marble: The Boss, marbles: Zomp, Ivory, Gold, Rose Quartz, Mint Cream, Eerie Black, Granny Smith Apple,
17:40:06| big marble: Spinner, marbles: Black Coral, Blue Bell, Honeydew, Mulberry, Slate Blue, Orange Peel, Mode Beige,
17:40:06| big marble: Zeus, marbles: Pale Goldenrod, Lavender Blue, Black Coral, Royal Blue, Lavender Blue, Golden Yellow, Lavender Blue,
17:40:06| big marble: Apollo, marbles: Silver Pink, Tuscan Brown, Mint Green, Maximum Blue, Mulberry, Big Dip O’ruby, Vegas Gold,
17:40:06| big marble: 5-Star, marbles: Candy Pink, Honeydew, La Salle Green, Pale Taupe, Shandy, Tuscan Brown, Black Coral,
17:40:06| big marble: 5-Star, marbles: Sheen Green, Neon Silver, Purple Plum, Royal Red, Gold, Indigo, La Salle Green,
17:40:06| big marble: 5-Star, marbles: Rose Dust, Orange Soda, Thulian Pink, Orange Soda, White Smoke, Russian Violet, Pastel Blue,
17:40:06| big marble: 5-Star, marbles: Icterine, Chinese Red, Russian Violet, Mimi Pink, Spanish Carmine, Isabelline, Middle Red Purple,
17:40:06| big marble: Apollo, marbles: Cobalt Blue, Fiery Rose, Candy Pink, Lavender Purple, Russian Violet, Ivory, Icterine,
17:40:06| big marble: Zeus, marbles: Beaver, Isabelline, Rose Dust, Sheen Green, Stop Red, Blue-Green, Antique Brass,
17:40:06| big marble: The Boss, marbles: Antique Bronze, Stop Red, Dark Moss Green, Neon Pink, Purple Plum, Candy Pink, Purple,
17:40:06| big marble: Spinner, marbles: Mango Tango, Thulian Pink, Shandy, Lavender Purple, Icterine, Bistre Brown, Green,
17:40:06| big marble: Apollo, marbles: Middle Red Purple, White Smoke, Maximum Violet, Big Dip O’ruby, Safety Yellow, Middle Green Yellow, Neon Silver,
17:40:06| big marble: Lucky, marbles: Middle Red Purple, Purple Plum, Pale Taupe, Orange Soda, Spanish Pink, Auburn, Light Orange,
17:40:06| big marble: Spinner, marbles: Sheen Green, Auburn, Royal Blue, Chinese Red, Pastel Blue, Beaver, Blue,
17:40:06| big marble: 5-Star, marbles: Blue, Honeydew, Brown, Russian Violet, Auburn, Dark Moss Green, Pastel Gray,
17:40:06| big marble: The Boss, marbles: Mode Beige, Thulian Pink, Gold, Ruby, Mango Tango, Bistre Brown, Purple,
17:40:06| big marble: Sure Shot, marbles: Pale Goldenrod, Pale Goldenrod, Pale Plum, Light Orange, Slate Blue, Shandy, Middle Green,
17:40:06| big marble: Apollo, marbles: Pale Cerulean, Beaver, Almond, Mint Green, Isabelline, Arylide Yellow, Orange Peel,
17:40:06| big marble: Zeus, marbles: Mimi Pink, Pale Goldenrod, Russian Green, Orange Peel, Lavender Purple, Neon Pink, Platinum,
17:40:06| big marble: Sure Shot, marbles: Spanish Pink, Eerie Black, Thulian Pink, White Smoke, Chinese Red, Beaver, Mint Cream,
17:40:06| big marble: Sure Shot, marbles: Candy Pink, Almond, Mimi Pink, Sage, Middle Green Yellow, Lilac Luster, Royal Blue,
17:40:06| big marble: Sure Shot, marbles: Pale Cerulean, Mint Green, Lumber, Mango Tango, Pastel Gray, Silver Pink, Icterine,
17:40:06| big marble: Hercules, marbles: Neon Silver, Brown, Lumber, Blue-Green, Pale Goldenrod, Mint Green, Royal Red,
17:40:06| big marble: Sure Shot, marbles: Bistre Brown, Terra Cotta, Orange Soda, Pale Cerulean, Royal Blue, Fiery Rose, Duke Blue,
17:40:06| big marble: Apollo, marbles: Spanish Carmine, Platinum, Slate Blue, Emerald, Mint Cream, Mint Green, Purple,
17:40:06| big marble: Sure Shot, marbles: Spanish Carmine, Lemon Lime, Pale Taupe, Pastel Blue, Icterine, Black Coral, Maximum Purple,
17:40:06| big marble: 5-Star, marbles: Ruby, Mint Green, Fiery Rose, Sheen Green, Duke Blue, Chinese Red, Neon Pink,
17:40:06| big marble: 5-Star, marbles: Middle Green Yellow, Mint Cream, Russian Green, Auburn, Dark Fuchsia, Stop Red, Dark Fuchsia,
17:40:06| big marble: 5-Star, marbles: Black Coral, Silver Chalice, Fiery Rose, Lilac Luster, Lavender Purple, Stop Red, Pale Plum,
17:40:06| big marble: Hercules, marbles: Isabelline, Big Dip O’ruby, Middle Red Purple, Pale Plum, Liver Chestnut, Pale Cerulean, Pastel Gray,
17:40:06| big marble: Zeus, marbles: Eerie Black, Pastel Blue, Gold, Mint Cream, Thulian Pink, Outrageous Orange, Pale Cerulean,
17:40:06| big marble: Lucky, marbles: Orange Peel, Cobalt Blue, Ivory, Brink Pink, Stop Red, White Smoke, Lavender Purple,
17:40:06| big marble: 5-Star, marbles: Big Dip O’ruby, Duke Blue, Arylide Yellow, Pale Cerulean, Light Orchid, Dark Fuchsia, Honeydew,
17:40:06| big marble: Apollo, marbles: Gold, Lavender Blue, Light Orchid, Rose Dust, La Salle Green, Spanish Pink, Purple,
17:40:06| big marble: Lucky, marbles: Blue-Green, Dark Fuchsia, Stop Red, Maximum Violet, Neon Pink, Mimi Pink, Royal Red,
17:40:06| big marble: Spinner, marbles: Slate Blue, La Salle Green, Royal Blue, Neon Pink, Maximum Blue, Eerie Black, Spanish Carmine,
17:40:06| big marble: Winner, marbles: Rose Quartz, Mango Tango, Honeydew, Granny Smith Apple, Mode Beige, Pale Taupe, Neon Dark Green,
17:40:06| big marble: Apollo, marbles: Chinese Red, Gold, Russian Green, Middle Green, Rose Dust, Slate Blue, Arylide Yellow,
17:40:06| big marble: The Boss, marbles: Platinum, Ruby, Middle Red Purple, Pastel Blue, Fiery Rose, Silver Chalice, Venetian Red,
17:40:06| big marble: Sure Shot, marbles: Orange Soda, Ruby, Mimi Pink, Gold, Neon Dark Green, Indigo, Mint Cream,
17:40:06| big marble: Sure Shot, marbles: Mode Beige, Spanish Pink, Pastel Blue, Middle Green Yellow, Shandy, Russian Green, Brink Pink,
17:40:06| big marble: Hercules, marbles: Outrageous Orange, Indigo, Rose Quartz, Gold, Maximum Blue, Maximum Violet, Black Coral,
17:40:06| big marble: Sure Shot, marbles: Gold, Brown, Brink Pink, Middle Red Purple, Middle Green Yellow, Lavender Blue, Ivory,
17:40:06| big marble: Winner, marbles: Pastel Blue, Gold, Pastel Blue, Neon Dark Green, Terra Cotta, Lavender Purple, Golden Yellow,
17:40:06| big marble: Hercules, marbles: Fiery Rose, Neon Silver, Russian Green, Mimi Pink, Platinum, Neon Pink, Spanish Orange,
17:40:06| big marble: Zeus, marbles: Cobalt Blue, Big Dip O’ruby, Dark Moss Green, Golden Yellow, Lilac Luster, Outrageous Orange, Pale Cerulean,
17:40:06| big marble: Zeus, marbles: Gold, Vegas Gold, Middle Green Yellow, Silver Chalice, Lumber, Brink Pink, Ruby,
17:40:06| big marble: 5-Star, marbles: Big Dip O’ruby, Silver Chalice, Maximum Violet, Indigo, Terra Cotta, Middle Green Yellow, Tuscan Brown,
17:40:06| big marble: Apollo, marbles: Shandy, Eerie Black, Neon Dark Green, Spanish Pink, Pastel Gray, Pale Goldenrod, Royal Red,
17:40:06| big marble: The Boss, marbles: Maximum Violet, Ruby, Pastel Gray, Middle Red Purple, Blue-Green, Lavender Blue, Cobalt Blue,
17:40:06| big marble: Spinner, marbles: Royal Blue, Dark Fuchsia, Russian Green, Lavender Purple, Lilac Luster, Maximum Violet, Fiery Rose,
17:40:06| big marble: 5-Star, marbles: Mode Beige, Lemon Lime, Rose Dust, Russian Green, Pale Taupe, Mulberry, Outrageous Orange,
17:40:06| big marble: Sure Shot, marbles: Neon Dark Green, Maximum Blue, Royal Red, Lavender Purple, Rose Quartz, Lilac Luster, Fiery Rose,
17:40:06| big marble: Lucky, marbles: Lemon Lime, Icterine, Pastel Gray, Royal Red, Antique Brass, Lilac Luster, Blue Bell,
17:40:06| big marble: Sure Shot, marbles: Mint Green, Purple, Rose Quartz, Brown, Blue, Pale Goldenrod, Blue-Green,
17:40:06| big marble: 5-Star, marbles: Chinese Red, Lavender Blue, Pale Plum, Light Orange, Sheen Green, Neon Silver, Spanish Carmine,
17:40:06| big marble: Apollo, marbles: Auburn, Candy Pink, Blue-Green, Lavender Blue, Blue Bell, Russian Violet, Pale Cerulean,
17:40:06| big marble: Zeus, marbles: Purple, Middle Green Yellow, Cotton Candy, Black Coral, Antique Brass, Vegas Gold, Spanish Orange,
17:40:06| big marble: Zeus, marbles: Mint Green, Venetian Red, Green, Russian Violet, Beaver, Spanish Carmine, Black Coral,
17:40:06| big marble: Winner, marbles: Antique Bronze, Pale Cerulean, Pale Plum, Tuscan Brown, Purple Plum, Maximum Violet, Candy Pink,
17:40:06| big marble: 5-Star, marbles: Almond, Light Orange, Orange Soda, Neon Silver, Sheen Green, Spanish Carmine, Royal Red,
17:40:06| big marble: Spinner, marbles: Platinum, Royal Blue, Spanish Pink, Gold, Pale Cerulean, Blue Bell, Gold,
17:40:06| big marble: 5-Star, marbles: Ruby, Lumber, Maximum Blue, Maximum Blue, Fiery Rose, Big Dip O’ruby, Spanish Carmine,
17:40:06| big marble: Sure Shot, marbles: Maximum Purple, Auburn, Chinese Red, Mimi Pink, Lilac Luster, Shandy, Lumber,
17:40:06| big marble: Hercules, marbles: Purple, Bistre Brown, Mango Tango, Middle Green Yellow, Platinum, Purple, Rose Dust,
17:40:06| big marble: The Boss, marbles: Eerie Black, Maximum Violet, Blue, Platinum, Lavender Purple, Pale Cerulean, Venetian Red,
17:40:06| big marble: Spinner, marbles: Rose Quartz, Russian Green, Auburn, Mulberry, Middle Green, Antique Brass, Pastel Blue,
17:40:06| big marble: Apollo, marbles: Blue-Green, Orange Soda, Safety Yellow, Golden Yellow, Zomp, Antique Bronze, Lavender Blue,
17:40:06| big marble: Hercules, marbles: Mint Cream, Silver Chalice, Chinese Red, Fiery Rose, Mint Cream, Slate Blue, Mode Beige,
17:40:06| big marble: Hercules, marbles: Gold, Neon Silver, Antique Bronze, Eerie Black, Mimi Pink, Neon Pink, Silver Pink,
17:40:06| big marble: 5-Star, marbles: Neon Silver, Venetian Red, Blue, Lavender Purple, Antique Bronze, Lavender Blue, Neon Silver,
17:40:06| big marble: The Boss, marbles: Almond, Emerald, Ivory, Light Orchid, Pale Cerulean, Cotton Candy, Cotton Candy,
17:40:06| big marble: Lucky, marbles: Pastel Blue, Sheen Green, Spanish Carmine, Gold, Royal Red, Safety Yellow, Zomp,
17:40:06| big marble: Zeus, marbles: Blue-Green, Gold, Auburn, Antique Brass, Spanish Carmine, Middle Green Yellow, Maximum Purple,
17:40:06| big marble: Lucky, marbles: Pale Taupe, Duke Blue, Light Orange, Middle Red Purple, Duke Blue, White Smoke, Outrageous Orange,
17:40:06| big marble: The Boss, marbles: Icterine, Spanish Carmine, La Salle Green, Antique Brass, Blue, Stop Red, Russian Green,
17:40:06| big marble: Spinner, marbles: Dark Moss Green, Sheen Green, Dark Fuchsia, Russian Violet, Lilac Luster, Spanish Orange, Vegas Gold,
17:40:06| big marble: Lucky, marbles: Venetian Red, Indigo, Isabelline, Outrageous Orange, Middle Red Purple, Orange Peel, Mimi Pink,
17:40:06| big marble: Zeus, marbles: Purple, Auburn, Royal Blue, Lemon Lime, Ivory, Lumber, Dark Moss Green,
17:40:06| big marble: Hercules, marbles: Gold, Pale Cerulean, Middle Green Yellow, Lemon Lime, Cotton Candy, Lemon Lime, Slate Blue,
17:40:06| big marble: Spinner, marbles: Lumber, Fiery Rose, Orange Soda, Liver Chestnut, Maximum Violet, Arylide Yellow, Mulberry,
17:40:06| big marble: Apollo, marbles: Almond, Arylide Yellow, La Salle Green, Eerie Black, Bistre Brown, Granny Smith Apple, Neon Dark Green,
17:40:06| big marble: Winner, marbles: Antique Bronze, Pale Goldenrod, Liver Chestnut, Almond, Chinese Red, Pastel Blue, Indigo,
17:40:06| big marble: Apollo, marbles: Purple Plum, Lemon Lime, Platinum, Lavender Blue, Stop Red, Gold, Liver Chestnut,
17:40:06| big marble: Zeus, marbles: Eerie Black, Royal Orange, Chinese Red, Mint Green, Antique Bronze, Terra Cotta, Mode Beige,
17:40:06| big marble: Lucky, marbles: Beaver, Black Coral, Pastel Blue, Royal Red, Auburn, Vegas Gold, Pale Cerulean,
17:40:06| big marble: Spinner, marbles: Dark Moss Green, Emerald, Terra Cotta, Dark Fuchsia, Antique Brass, Middle Red Purple, Indigo,
17:40:06| big marble: Lucky, marbles: Fiery Rose, Russian Green, Auburn, Neon Silver, Duke Blue, Lavender Blue, Vegas Gold,
17:40:06| big marble: Spinner, marbles: Antique Brass, Cotton Candy, Dark Moss Green, Middle Green, Brink Pink, Middle Red Purple, Middle Green Yellow,
