15:37:59| --------------------------------------------------------------------------------
15:37:59| Primes: 1
15:37:59| 9638760730083 is not prime
15:37:59|  
15:37:59| --------------------------------------------------------------------------------
15:37:59| Words: 1
15:37:59| amusement Found
15:37:59|  
15:37:59| --------------------------------------------------------------------------------
15:37:59| Uppercase: 1
15:37:59| inject ==>  uppercase version of INJECT
15:37:59|  
15:37:59| --------------------------------------------------------------------------------
15:37:59| Sums: 0
15:37:59|  
15:37:59| --------------------------------------------------------------------------------
15:37:59| Names: 0
15:37:59|  
15:37:59| Primes: 1
15:37:59| Words: 1
15:37:59| Uppercase: 1
15:37:59| Sums: 0
15:37:59| Names: 0
15:37:59| Finished processes 5 toDo = 4.66751300
