15:35:45| --------------------------------------------------------------------------------
15:35:45| Primes: 0
15:35:45|  
15:35:45| --------------------------------------------------------------------------------
15:35:45| Words: 0
15:35:45|  
15:35:45| --------------------------------------------------------------------------------
15:35:45| Uppercase: 0
15:35:45|  
15:35:45| --------------------------------------------------------------------------------
15:35:45| Sums: 0
15:35:45|  
15:35:45| --------------------------------------------------------------------------------
15:35:45| Names: 0
15:35:45|  
15:35:45| Primes: 0
15:35:45| Words: 0
15:35:45| Uppercase: 0
15:35:45| Sums: 0
15:35:45| Names: 0
15:35:45| Finished processes 5 toDo = 0.37618430
