15:39:43| --------------------------------------------------------------------------------
15:39:43| Primes: 1
15:39:43| 9638760730083 is not prime
15:39:43|  
15:39:43| --------------------------------------------------------------------------------
15:39:43| Words: 1
15:39:43| amusement Found
15:39:43|  
15:39:43| --------------------------------------------------------------------------------
15:39:43| Uppercase: 1
15:39:43| inject ==>  uppercase version of INJECT
15:39:43|  
15:39:43| --------------------------------------------------------------------------------
15:39:43| Sums: 1
15:39:43| sum of 424 to 694818 = 241385589477
15:39:43|  
15:39:43| --------------------------------------------------------------------------------
15:39:43| Names: 1
15:39:43| http://swapi.dev/api/people/2/ has name C-3PO
15:39:43|  
15:39:43| Primes: 1
15:39:43| Words: 1
15:39:43| Uppercase: 1
15:39:43| Sums: 1
15:39:43| Names: 1
15:39:43| Finished processes 5 toDo = 4.89838860
