15:35:25| --------------------------------------------------------------------------------
15:35:25| Primes: 0
15:35:25|  
15:35:25| --------------------------------------------------------------------------------
15:35:25| Words: 0
15:35:25|  
15:35:25| --------------------------------------------------------------------------------
15:35:25| Uppercase: 0
15:35:25|  
15:35:25| --------------------------------------------------------------------------------
15:35:25| Sums: 0
15:35:25|  
15:35:25| --------------------------------------------------------------------------------
15:35:25| Names: 0
15:35:25|  
15:35:25| Primes: 0
15:35:25| Words: 0
15:35:25| Uppercase: 0
15:35:25| Sums: 0
15:35:25| Names: 0
15:35:25| Finished processes 5 toDo = 0.18657480
